KOTLIN/Wirtschaftstag/Kotlin_Wirtschaftstag/androidApp/build/intermediates/manifest_merge_blame_file/debug/manifest-merger-blame-debug-report.txt
1<?xml version="1.0" encoding="utf-8"?>
2<manifest xmlns:android="http://schemas.android.com/apk/res/android"
3    package="me.scarc.androidApp"
4    android:versionCode="1"
5    android:versionName="1.0" >
6
7    <uses-sdk
8        android:minSdkVersion="24"
8-->src\main\AndroidManifest.xml
9        android:targetSdkVersion="29" />
9-->src\main\AndroidManifest.xml
10
11    <uses-permission android:name="android.permission.INTERNET" />
11-->src\main\AndroidManifest.xml:3:5-66
11-->src\main\AndroidManifest.xml:3:22-64
12    <uses-permission android:name="android.permission.ACCESS_NETWORK_STATE" />
12-->src\main\AndroidManifest.xml:4:5-78
12-->src\main\AndroidManifest.xml:4:22-76
13
14    <application
14-->src\main\AndroidManifest.xml:5:5-17:19
15        android:allowBackup="false"
15-->src\main\AndroidManifest.xml:6:13-40
16        android:appComponentFactory="androidx.core.app.CoreComponentFactory"
16-->[androidx.core:core:1.3.1] AndroidManifest.xml:24:18-86
17        android:debuggable="true"
18        android:extractNativeLibs="false"
19        android:supportsRtl="true"
19-->src\main\AndroidManifest.xml:7:13-39
20        android:testOnly="true"
21        android:theme="@style/AppTheme"
21-->src\main\AndroidManifest.xml:8:13-44
22        android:usesCleartextTraffic="true" >
22-->src\main\AndroidManifest.xml:9:13-48
23        <activity android:name="me.scarc.androidApp.MainActivity" >
23-->src\main\AndroidManifest.xml:11:9-16:20
23-->src\main\AndroidManifest.xml:11:19-47
24            <intent-filter>
24-->src\main\AndroidManifest.xml:12:13-15:29
25                <action android:name="android.intent.action.MAIN" />
25-->src\main\AndroidManifest.xml:13:17-68
25-->src\main\AndroidManifest.xml:13:25-66
26
27                <category android:name="android.intent.category.LAUNCHER" />
27-->src\main\AndroidManifest.xml:14:17-76
27-->src\main\AndroidManifest.xml:14:27-74
28            </intent-filter>
29        </activity>
30    </application>
31
32</manifest>